Arguments: 
  C:\Program Files\nodejs\node.exe C:\Users\pc\AppData\Roaming\npm\node_modules\yarn\bin\yarn.js add react-hook-form

PATH: 
  C:\Users\pc\bin;C:\Program Files\Git\mingw64\bin;C:\Program Files\Git\usr\local\bin;C:\Program Files\Git\usr\bin;C:\Program Files\Git\usr\bin;C:\Program Files\Git\mingw64\bin;C:\Program Files\Git\usr\bin;C:\Users\pc\bin;C:\Windows\system32;C:\Windows;C:\Windows\System32\Wbem;C:\Windows\System32\WindowsPowerShell\v1.0;C:\Windows\System32\OpenSSH;C:\Program Files\Git\cmd;C:\Program Files\nodejs;C:\Program Files (x86)\Intel\Intel(R) Management Engine Components\DAL;C:\Program Files\Intel\Intel(R) Management Engine Components\DAL;C:\Program Files\Docker\Docker\resources\bin;C:\Users\pc\AppData\Local\Microsoft\WindowsApps;C:\Users\pc\AppData\Roaming\npm;C:\Users\pc\AppData\Local\Programs\Microsoft VS Code\bin;C:\Program Files\Git\usr\bin\vendor_perl;C:\Program Files\Git\usr\bin\core_perl

Yarn version: 
  1.22.17

Node version: 
  16.17.0

Platform: 
  win32 x64

Trace: 
  Error: EPERM: operation not permitted, open 'C:\Users\pc\Desktop\react-candidates\node_modules\update-browserslist-db\node_modules\.bin\browserslist'

npm manifest: 
  {
      "name": "template",
      "version": "1.0.0",
      "scripts": {
          "dev": "webpack serve --mode=development",
          "build": "webpack",
          "lint": "./node_modules/.bin/eslint --ext .ts,.tsx .; exit 0",
          "check": "./node_modules/.bin/tsc --project ./; exit 0",
          "format": "./node_modules/.bin/prettier './**/*.{ts,tsx,json}' --write; exit 0"
      },
      "devDependencies": {
          "@babel/cli": "^7.14.8",
          "@babel/core": "^7.14.8",
          "@babel/plugin-transform-runtime": "^7.19.6",
          "@babel/preset-env": "^7.14.9",
          "@babel/preset-react": "^7.14.5",
          "@babel/preset-typescript": "^7.14.5",
          "@babel/register": "^7.14.5",
          "@types/react": "^17.0.15",
          "@types/react-dom": "^17.0.9",
          "@typescript-eslint/eslint-plugin": "^4.29.0",
          "@typescript-eslint/parser": "^4.29.0",
          "autoprefixer": "^10.3.1",
          "babel-loader": "^8.2.2",
          "babel-plugin-module-resolver": "^4.1.0",
          "css-loader": "^6.2.0",
          "css-minimizer-webpack-plugin": "^3.0.2",
          "eslint": "^7.32.0",
          "eslint-config-prettier": "^8.3.0",
          "eslint-plugin-prettier": "^3.4.0",
          "eslint-plugin-react": "^7.24.0",
          "html-webpack-plugin": "^5.3.2",
          "mini-css-extract-plugin": "^2.1.0",
          "postcss": "^8.3.6",
          "postcss-import": "^14.0.2",
          "postcss-loader": "^6.1.1",
          "postcss-preset-env": "^6.7.0",
          "prettier": "^2.3.2",
          "style-loader": "^3.2.1",
          "tailwindcss": "^2.2.7",
          "typescript": "^4.3.5",
          "webpack": "^5.48.0",
          "webpack-cli": "^4.7.2",
          "webpack-dev-server": "^3.11.2"
      },
      "dependencies": {
          "@babel/runtime": "^7.19.4",
          "axios": "^1.1.3",
          "react": "^17.0.2",
          "react-dom": "^17.0.2"
      }
  }

yarn manifest: 
  No manifest

Lockfile: 
  No lockfile
